<?xml version="1.0" encoding="UTF-8"?>
<!-- Generated by org.testng.reporters.JUnitReportReporter -->
<testsuite hostname="DESKTOP-1U92PBD" failures="0" tests="3" name="JavaPrograms.AnagrmSub" time="0.010" errors="0" timestamp="2022-12-19T15:30:37 CST" skipped="0">
  <testcase classname="JavaPrograms.AnagrmSub" name="testrun1" time="0.007"/>
  <system-out/>
  <testcase classname="JavaPrograms.AnagrmSub" name="testrun3" time="0.001"/>
  <system-out/>
  <testcase classname="JavaPrograms.AnagrmSub" name="testrun2" time="0.002"/>
  <system-out/>
</testsuite> <!-- JavaPrograms.AnagrmSub -->
