<?xml version="1.0" encoding="UTF-8"?>
<!-- Generated by org.testng.reporters.JUnitReportReporter -->
<testsuite hostname="DESKTOP-1U92PBD" failures="0" tests="2" name="JavaPrograms.multipleMap" time="0.012" errors="0" timestamp="2022-12-20T12:08:47 CST" skipped="0">
  <testcase classname="JavaPrograms.multipleMap" name="run1" time="0.009"/>
  <system-out/>
  <testcase classname="JavaPrograms.multipleMap" name="run2" time="0.003"/>
  <system-out/>
</testsuite> <!-- JavaPrograms.multipleMap -->
