<?xml version="1.0" encoding="UTF-8"?>
<!-- Generated by org.testng.reporters.JUnitReportReporter -->
<testsuite hostname="DESKTOP-1U92PBD" failures="0" tests="2" name="JavaPrograms.arrayPow" time="0.017" errors="0" timestamp="2023-01-01T10:15:54 CST" skipped="0">
  <testcase classname="JavaPrograms.arrayPow" name="run2" time="0.002"/>
  <system-out/>
  <testcase classname="JavaPrograms.arrayPow" name="run1" time="0.015"/>
  <system-out/>
</testsuite> <!-- JavaPrograms.arrayPow -->
