<?xml version="1.0" encoding="UTF-8"?>
<!-- Generated by org.testng.reporters.JUnitReportReporter -->
<testsuite hostname="DESKTOP-1U92PBD" failures="0" tests="2" name="JavaPrograms.EvenOdd" time="0.022" errors="0" timestamp="2022-12-19T17:06:01 CST" skipped="0">
  <testcase classname="JavaPrograms.EvenOdd" name="testrun" time="0.022"/>
  <system-out/>
  <testcase classname="JavaPrograms.EvenOdd" name="testrun1" time="0.000"/>
  <system-out/>
</testsuite> <!-- JavaPrograms.EvenOdd -->
