<?xml version="1.0" encoding="UTF-8"?>
<!-- Generated by org.testng.reporters.JUnitReportReporter -->
<testsuite hostname="DESKTOP-1U92PBD" failures="0" tests="5" name="JavaPrograms.maxarray" time="0.024" errors="0" timestamp="2022-12-20T10:10:29 CST" skipped="0">
  <testcase classname="JavaPrograms.maxarray" name="testrun3" time="0.002"/>
  <system-out/>
  <testcase classname="JavaPrograms.maxarray" name="testrun2" time="0.002"/>
  <system-out/>
  <testcase classname="JavaPrograms.maxarray" name="testrun5" time="0.003"/>
  <system-out/>
  <testcase classname="JavaPrograms.maxarray" name="run1" time="0.016"/>
  <system-out/>
  <testcase classname="JavaPrograms.maxarray" name="testrun4" time="0.001"/>
  <system-out/>
</testsuite> <!-- JavaPrograms.maxarray -->
