<?xml version="1.0" encoding="UTF-8"?>
<!-- Generated by org.testng.reporters.JUnitReportReporter -->
<testsuite hostname="DESKTOP-1U92PBD" failures="0" tests="4" name="JavaPrograms.maxarray" time="0.021" errors="0" timestamp="2022-12-19T18:51:47 CST" skipped="0">
  <testcase classname="JavaPrograms.maxarray" name="testrun2" time="0.003"/>
  <system-out/>
  <testcase classname="JavaPrograms.maxarray" name="testrun4" time="0.002"/>
  <system-out/>
  <testcase classname="JavaPrograms.maxarray" name="testrun3" time="0.002"/>
  <system-out/>
  <testcase classname="JavaPrograms.maxarray" name="run1" time="0.014"/>
  <system-out/>
</testsuite> <!-- JavaPrograms.maxarray -->
